<?xml version="1.0" encoding="UTF-8"?>
<!-- Generated by org.testng.reporters.JUnitReportReporter -->
<testsuite hostname="LAPTOP-MQ9B4BVN" failures="0" tests="1" name="test.AddToCartByQuickViewTest" time="9.910" errors="0" timestamp="2024-01-12T19:05:41 IST" skipped="0">
  <testcase classname="test.AddToCartByQuickViewTest" name="verifyIfUserIsAbleToAddProdutToCartUsingQuickViewOption" time="9.910"/>
</testsuite> <!-- test.AddToCartByQuickViewTest -->
