<?xml version="1.0" encoding="UTF-8"?>
<!-- Generated by org.testng.reporters.JUnitReportReporter -->
<testsuite hostname="LAPTOP-MQ9B4BVN" failures="0" tests="1" name="test.AddToCartByQuickViewTest" time="7.131" errors="0" timestamp="2024-01-13T18:45:33 IST" skipped="0">
  <testcase classname="test.AddToCartByQuickViewTest" name="VerifyIfProductsDetailsAndQuickViewDescriptionAreSimilar" time="7.131"/>
</testsuite> <!-- test.AddToCartByQuickViewTest -->
