<?xml version="1.0" encoding="UTF-8"?>
<!-- Generated by org.testng.reporters.JUnitReportReporter -->
<testsuite hostname="LAPTOP-MQ9B4BVN" failures="0" tests="1" name="test.VerifyIfProductsDetailsOnQuickViewTab" time="2.208" errors="0" timestamp="2024-01-12T14:03:00 IST" skipped="0">
  <testcase classname="test.VerifyIfProductsDetailsOnQuickViewTab" name="VerifyIfProductsDetailsAndQuickViewDescriptionAreSimilar" time="2.208"/>
</testsuite> <!-- test.VerifyIfProductsDetailsOnQuickViewTab -->
