<?xml version="1.0" encoding="UTF-8"?>
<!-- Generated by org.testng.reporters.JUnitReportReporter -->
<testsuite hostname="LAPTOP-MQ9B4BVN" failures="0" tests="1" name="test.VerifyDetailsTest" time="24.348" errors="0" timestamp="2024-01-14T19:25:43 IST" skipped="0">
  <testcase classname="test.VerifyDetailsTest" name="AddTwoToCartAndVerifyIfUnitPriceAndShipingPriceIsEqualToOrderAmountAndAlsoVerifyIfSumOfOrderAmountIsEqualToCartAmount" time="24.348"/>
</testsuite> <!-- test.VerifyDetailsTest -->
