<?xml version="1.0" encoding="UTF-8"?>
<!-- Generated by org.testng.reporters.JUnitReportReporter -->
<testsuite hostname="LAPTOP-MQ9B4BVN" failures="0" tests="1" name="test.ProductSearchTest" time="1.279" errors="0" timestamp="2024-01-13T16:03:56 IST" skipped="0">
  <testcase classname="test.ProductSearchTest" name="VerifyIfProductsAreDisplayedValidSearch" time="1.279"/>
</testsuite> <!-- test.ProductSearchTest -->
