<?xml version="1.0" encoding="UTF-8"?>
<!-- Generated by org.testng.reporters.JUnitReportReporter -->
<testsuite hostname="LAPTOP-MQ9B4BVN" failures="0" tests="1" name="test.PaymentTest" time="63.649" errors="0" timestamp="2024-01-17T16:33:43 IST" skipped="0">
  <testcase classname="test.PaymentTest" name="placeOrder" time="63.649"/>
</testsuite> <!-- test.PaymentTest -->
